Arguments: 
  D:\njs\node.exe C:\Users\DELL\AppData\Roaming\npm\node_modules\yarn\bin\yarn.js add gh-pages

PATH: 
  C:\Program Files\Common Files\Oracle\Java\javapath;C:\Program Files (x86)\Common Files\Oracle\Java\javapath;C:\Windows\system32;C:\Windows;C:\Windows\System32\Wbem;C:\Windows\System32\WindowsPowerShell\v1.0\;C:\Windows\System32\OpenSSH\;C:\Program Files\NVIDIA Corporation\NVIDIA NvDLISR;C:\WINDOWS\system32;C:\WINDOWS;C:\WINDOWS\System32\Wbem;C:\WINDOWS\System32\WindowsPowerShell\v1.0\;C:\WINDOWS\System32\OpenSSH\;C:\Program Files\dotnet\;D:\njs\;C:\ProgramData\chocolatey\bin;C:\Program Files\MongoDB\Server\6.0\bin;D:\webtechnologies\janardhan sir\mongosh-1.6.0-win32-x64\bin;C:\Program Files\MongoDB\mongoshell\bin;D:\mongodb\mongosh-1.7.1-win32-x64\bin\mongosh.exe;C:\Program Files\MongoDB\Server\6.0\bin;D:\anacoonda\Scripts\D:\anacoonda\Scripts\;D:\anacoonda\condabin\;D:\anacoonda\Library\bin\;C:\chromedriver;C:\Program Files (x86)\NVIDIA Corporation\PhysX\Common;C:\Program Files\Git\cmd;C:\Program Files\MySQL\MySQL Shell 8.0\bin\;D:\Scripts\;D:\;C:\Users\DELL\AppData\Local\Microsoft\WindowsApps;C:\Program Files\JetBrains\PyCharm Community Edition 2021.1.2\bin;D:\vs\Microsoft VS Code\bin;C:\Users\DELL\AppData\Local\Programs\Microsoft VS Code Insiders\bin;C:\Users\DELL\AppData\Roaming\npm;C:\Program Files\heroku\bin;C:\Users\DELL\AppData\Local\Programs\Hyper\resources\bin;C:\Program Files\Java\jdk1.8.0_202\bin;C:\Users\DELL\AppData\Local\GitHubDesktop\bin

Yarn version: 
  1.22.19

Node version: 
  18.1.0

Platform: 
  win32 x64

Trace: 
  Error: connect ETIMEDOUT 2606:4700:9ae3:80e2:e4ae:52c:6810:23:443
      at TCPConnectWrap.afterConnect [as oncomplete] (node:net:1195:16)

npm manifest: 
  {
    "homepage": "https://varunbondada001.github.io/varun_sample",
    "name": "varun_sample",
    "version": "0.1.0",
    "private": true,
    "dependencies": {
      "@testing-library/jest-dom": "^5.17.0",
      "@testing-library/react": "^13.4.0",
      "@testing-library/user-event": "^13.5.0",
      "react": "^18.2.0",
      "react-dom": "^18.2.0",
      "react-router-dom": "^6.20.1",
      "react-scripts": "5.0.1",
      "web-vitals": "^2.1.4"
    },
    "scripts": {
      "predeploy":"npm run build",
      "deploy":"gh-pages -d build",
      "start": "react-scripts start",
      "build": "react-scripts build",
      "test": "react-scripts test",
      "eject": "react-scripts eject"
    },
    "eslintConfig": {
      "extends": [
        "react-app",
        "react-app/jest"
      ]
    },
    "browserslist": {
      "production": [
        ">0.2%",
        "not dead",
        "not op_mini all"
      ],
      "development": [
        "last 1 chrome version",
        "last 1 firefox version",
        "last 1 safari version"
      ]
    }
  }

yarn manifest: 
  No manifest

Lockfile: 
  No lockfile
